{"level":"info","message":"User Service listening at http://localhost:3000","timestamp":"2024-03-06T10:25:39.100Z"}
{"level":"info","message":"DB is connented","timestamp":"2024-03-06T10:25:39.155Z"}
{"level":"info","message":"User Service listening at http://localhost:3000","timestamp":"2024-03-06T11:04:35.027Z"}
{"level":"info","message":"DB is connented","timestamp":"2024-03-06T11:04:35.056Z"}
{"level":"info","message":"User Service listening at http://localhost:3000","timestamp":"2024-03-06T11:28:48.924Z"}
{"level":"info","message":"DB is connented","timestamp":"2024-03-06T11:28:49.098Z"}
{"level":"error","message":"Requested URL /api/users/signin not found!","timestamp":"2024-03-06T11:28:49.497Z"}
{"level":"info","message":"User Service listening at http://localhost:3000","timestamp":"2024-03-06T11:31:54.305Z"}
{"level":"info","message":"DB is connented","timestamp":"2024-03-06T11:31:54.452Z"}
{"level":"error","message":"Requested URL /api/users/signin not found!","timestamp":"2024-03-06T11:31:54.739Z"}
{"level":"info","message":"User Service listening at http://localhost:3000","timestamp":"2024-03-06T11:32:23.771Z"}
{"level":"info","message":"DB is connented","timestamp":"2024-03-06T11:32:23.947Z"}
{"level":"error","message":"Requested URL /api/users/signin not found!","timestamp":"2024-03-06T11:32:24.244Z"}
{"level":"info","message":"User Service listening at http://localhost:3000","timestamp":"2024-03-06T11:32:46.246Z"}
{"level":"info","message":"DB is connented","timestamp":"2024-03-06T11:32:46.405Z"}
{"level":"error","message":"Requested URL /api/users/signin not found!","timestamp":"2024-03-06T11:32:46.672Z"}
{"level":"info","message":"User Service listening at http://localhost:3000","timestamp":"2024-03-06T11:33:17.555Z"}
{"level":"info","message":"DB is connented","timestamp":"2024-03-06T11:33:17.705Z"}
{"level":"error","message":"Requested URL /api/users/signin not found!","timestamp":"2024-03-06T11:33:18.010Z"}
{"level":"info","message":"User Service listening at http://localhost:3000","timestamp":"2024-03-06T11:37:11.885Z"}
{"level":"info","message":"DB is connented","timestamp":"2024-03-06T11:37:12.044Z"}
{"level":"error","message":"Requested URL /api/users/signin not found!","timestamp":"2024-03-06T11:37:12.325Z"}
{"level":"info","message":"User Service listening at http://localhost:3000","timestamp":"2024-03-06T11:38:07.925Z"}
{"level":"info","message":"DB is connented","timestamp":"2024-03-06T11:38:08.064Z"}
{"level":"info","message":"User Service listening at http://localhost:3000","timestamp":"2024-03-06T11:40:03.208Z"}
{"level":"info","message":"DB is connented","timestamp":"2024-03-06T11:40:03.234Z"}
{"level":"error","message":"Error in user signup: secretOrPrivateKey must have a value","stack":"Error: secretOrPrivateKey must have a value\n    at module.exports [as sign] (C:\\Work\\Microservices-Chat-BE\\user-service\\node_modules\\jsonwebtoken\\sign.js:111:20)\n    at exports.signup (C:\\Work\\Microservices-Chat-BE\\user-service\\src\\controllers\\authController.js:17:23)\n    at process.processTicksAndRejections (node:internal/process/task_queues:95:5)","timestamp":"2024-03-06T11:40:15.727Z"}
{"level":"info","message":"User Service listening at http://localhost:3000","timestamp":"2024-03-06T11:41:19.556Z"}
{"level":"info","message":"DB is connented","timestamp":"2024-03-06T11:41:19.576Z"}
{"code":11000,"index":0,"keyPattern":{"username":1},"keyValue":{"username":"test@yahoo.son"},"level":"error","message":"Error in user signup: E11000 duplicate key error collection: userdb.users index: username_1 dup key: { username: \"test@yahoo.son\" }","stack":"MongoServerError: E11000 duplicate key error collection: userdb.users index: username_1 dup key: { username: \"test@yahoo.son\" }\n    at InsertOneOperation.execute (C:\\Work\\Microservices-Chat-BE\\user-service\\node_modules\\mongodb\\lib\\operations\\insert.js:48:19)\n    at process.processTicksAndRejections (node:internal/process/task_queues:95:5)\n    at async executeOperationAsync (C:\\Work\\Microservices-Chat-BE\\user-service\\node_modules\\mongodb\\lib\\operations\\execute_operation.js:106:16)","timestamp":"2024-03-06T11:41:28.062Z"}
{"level":"error","message":"Error in user signup: secretOrPrivateKey must have a value","stack":"Error: secretOrPrivateKey must have a value\n    at module.exports [as sign] (C:\\Work\\Microservices-Chat-BE\\user-service\\node_modules\\jsonwebtoken\\sign.js:111:20)\n    at exports.signup (C:\\Work\\Microservices-Chat-BE\\user-service\\src\\controllers\\authController.js:17:23)\n    at process.processTicksAndRejections (node:internal/process/task_queues:95:5)","timestamp":"2024-03-06T11:41:42.884Z"}
{"level":"info","message":"User Service listening at http://localhost:3000","timestamp":"2024-03-06T11:41:50.405Z"}
{"level":"info","message":"DB is connented","timestamp":"2024-03-06T11:41:50.529Z"}
{"level":"error","message":"Error in user signup: secretOrPrivateKey must have a value","stack":"Error: secretOrPrivateKey must have a value\n    at module.exports [as sign] (C:\\Work\\Microservices-Chat-BE\\user-service\\node_modules\\jsonwebtoken\\sign.js:111:20)\n    at exports.signup (C:\\Work\\Microservices-Chat-BE\\user-service\\src\\controllers\\authController.js:17:23)\n    at process.processTicksAndRejections (node:internal/process/task_queues:95:5)","timestamp":"2024-03-06T11:42:07.863Z"}
{"level":"info","message":"User Service listening at http://localhost:3000","timestamp":"2024-03-06T11:42:32.940Z"}
{"level":"info","message":"DB is connented","timestamp":"2024-03-06T11:42:32.961Z"}
{"level":"info","message":"User Service listening at http://localhost:3000","timestamp":"2024-03-06T11:44:03.011Z"}
{"level":"info","message":"DB is connented","timestamp":"2024-03-06T11:44:03.041Z"}
{"level":"error","message":"Error in user signup: secretOrPrivateKey must have a value","stack":"Error: secretOrPrivateKey must have a value\n    at module.exports [as sign] (C:\\Work\\Microservices-Chat-BE\\user-service\\node_modules\\jsonwebtoken\\sign.js:111:20)\n    at exports.signup (C:\\Work\\Microservices-Chat-BE\\user-service\\src\\controllers\\authController.js:17:23)\n    at process.processTicksAndRejections (node:internal/process/task_queues:95:5)","timestamp":"2024-03-06T11:44:07.862Z"}
{"level":"info","message":"User Service listening at http://localhost:3000","timestamp":"2024-03-06T11:45:44.045Z"}
{"level":"info","message":"DB is connented","timestamp":"2024-03-06T11:45:44.076Z"}
{"level":"info","message":"User Service listening at http://localhost:3000","timestamp":"2024-03-06T11:49:00.094Z"}
{"level":"info","message":"DB is connented","timestamp":"2024-03-06T11:49:00.117Z"}
{"code":11000,"index":0,"keyPattern":{"username":1},"keyValue":{"username":"test@ydfadsheoo.son"},"level":"error","message":"Error in user signup: E11000 duplicate key error collection: userdb.users index: username_1 dup key: { username: \"test@ydfadsheoo.son\" }","stack":"MongoServerError: E11000 duplicate key error collection: userdb.users index: username_1 dup key: { username: \"test@ydfadsheoo.son\" }\n    at InsertOneOperation.execute (C:\\Work\\Microservices-Chat-BE\\user-service\\node_modules\\mongodb\\lib\\operations\\insert.js:48:19)\n    at process.processTicksAndRejections (node:internal/process/task_queues:95:5)\n    at async executeOperationAsync (C:\\Work\\Microservices-Chat-BE\\user-service\\node_modules\\mongodb\\lib\\operations\\execute_operation.js:106:16)","timestamp":"2024-03-06T11:49:14.842Z"}
{"level":"info","message":"User Service listening at http://localhost:3000","timestamp":"2024-03-06T11:49:48.331Z"}
{"level":"info","message":"DB is connented","timestamp":"2024-03-06T11:49:48.363Z"}
{"code":11000,"index":0,"keyPattern":{"username":1},"keyValue":{"username":"test@ydfadsheoo.son"},"level":"error","message":"Error in user signup: E11000 duplicate key error collection: userdb.users index: username_1 dup key: { username: \"test@ydfadsheoo.son\" }","stack":"MongoServerError: E11000 duplicate key error collection: userdb.users index: username_1 dup key: { username: \"test@ydfadsheoo.son\" }\n    at InsertOneOperation.execute (C:\\Work\\Microservices-Chat-BE\\user-service\\node_modules\\mongodb\\lib\\operations\\insert.js:48:19)\n    at process.processTicksAndRejections (node:internal/process/task_queues:95:5)\n    at async executeOperationAsync (C:\\Work\\Microservices-Chat-BE\\user-service\\node_modules\\mongodb\\lib\\operations\\execute_operation.js:106:16)","timestamp":"2024-03-06T11:49:50.660Z"}
{"level":"info","message":"User Service listening at http://localhost:3000","timestamp":"2024-03-06T11:50:02.353Z"}
{"level":"info","message":"DB is connented","timestamp":"2024-03-06T11:50:02.378Z"}
{"code":11000,"index":0,"keyPattern":{"username":1},"keyValue":{"username":"test@ydfadsheoo.son"},"level":"error","message":"Error in user signup: E11000 duplicate key error collection: userdb.users index: username_1 dup key: { username: \"test@ydfadsheoo.son\" }","stack":"MongoServerError: E11000 duplicate key error collection: userdb.users index: username_1 dup key: { username: \"test@ydfadsheoo.son\" }\n    at InsertOneOperation.execute (C:\\Work\\Microservices-Chat-BE\\user-service\\node_modules\\mongodb\\lib\\operations\\insert.js:48:19)\n    at process.processTicksAndRejections (node:internal/process/task_queues:95:5)\n    at async executeOperationAsync (C:\\Work\\Microservices-Chat-BE\\user-service\\node_modules\\mongodb\\lib\\operations\\execute_operation.js:106:16)","timestamp":"2024-03-06T11:50:06.826Z"}
{"level":"info","message":"User Service listening at http://localhost:3000","timestamp":"2024-03-06T12:00:09.456Z"}
{"level":"info","message":"DB is connented","timestamp":"2024-03-06T12:00:09.473Z"}
{"level":"info","message":"User Service listening at http://localhost:3000","timestamp":"2024-03-06T12:01:48.603Z"}
{"level":"info","message":"DB is connented","timestamp":"2024-03-06T12:01:48.619Z"}
{"level":"info","message":"User Service listening at http://localhost:3000","timestamp":"2024-03-06T13:00:18.383Z"}
{"level":"info","message":"DB is connented","timestamp":"2024-03-06T13:00:18.412Z"}
{"code":11000,"index":0,"keyPattern":{"username":1},"keyValue":{"username":"test@ydfdadsheoo.son"},"level":"error","message":"Error in user signup: E11000 duplicate key error collection: userdb.users index: username_1 dup key: { username: \"test@ydfdadsheoo.son\" }","stack":"MongoServerError: E11000 duplicate key error collection: userdb.users index: username_1 dup key: { username: \"test@ydfdadsheoo.son\" }\n    at InsertOneOperation.execute (C:\\Work\\Microservices-Chat-BE\\user-service\\node_modules\\mongodb\\lib\\operations\\insert.js:48:19)\n    at process.processTicksAndRejections (node:internal/process/task_queues:95:5)\n    at async executeOperationAsync (C:\\Work\\Microservices-Chat-BE\\user-service\\node_modules\\mongodb\\lib\\operations\\execute_operation.js:106:16)","timestamp":"2024-03-06T13:09:40.260Z"}
{"level":"info","message":"User Service listening at http://localhost:3000","timestamp":"2024-03-06T13:10:09.559Z"}
{"level":"info","message":"DB is connented","timestamp":"2024-03-06T13:10:09.611Z"}
{"code":11000,"index":0,"keyPattern":{"username":1},"keyValue":{"username":"test@ydfdadsheoo.son"},"level":"error","message":"Error in user signup: E11000 duplicate key error collection: userdb.users index: username_1 dup key: { username: \"test@ydfdadsheoo.son\" }","stack":"MongoServerError: E11000 duplicate key error collection: userdb.users index: username_1 dup key: { username: \"test@ydfdadsheoo.son\" }\n    at InsertOneOperation.execute (C:\\Work\\Microservices-Chat-BE\\user-service\\node_modules\\mongodb\\lib\\operations\\insert.js:48:19)\n    at process.processTicksAndRejections (node:internal/process/task_queues:95:5)\n    at async executeOperationAsync (C:\\Work\\Microservices-Chat-BE\\user-service\\node_modules\\mongodb\\lib\\operations\\execute_operation.js:106:16)","timestamp":"2024-03-06T13:10:14.249Z"}
{"level":"info","message":"User Service listening at http://localhost:3000","timestamp":"2024-03-06T13:10:52.124Z"}
{"level":"info","message":"DB is connented","timestamp":"2024-03-06T13:10:52.149Z"}
{"level":"info","message":"User Service listening at http://localhost:3000","timestamp":"2024-03-06T13:11:30.827Z"}
{"level":"info","message":"DB is connented","timestamp":"2024-03-06T13:11:30.969Z"}
{"level":"error","message":"Requested URL /api/users/signin not found!","timestamp":"2024-03-06T13:11:31.284Z"}
{"level":"info","message":"User Service listening at http://localhost:3000","timestamp":"2024-03-06T13:12:35.453Z"}
{"level":"info","message":"DB is connented","timestamp":"2024-03-06T13:12:35.569Z"}
{"level":"error","message":"Requested URL /api/users/signin not found!","timestamp":"2024-03-06T13:12:35.904Z"}
{"level":"info","message":"User Service listening at http://localhost:3000","timestamp":"2024-03-06T13:15:14.938Z"}
{"level":"info","message":"DB is connented","timestamp":"2024-03-06T13:15:14.969Z"}
{"level":"info","message":"User Service listening at http://localhost:3000","timestamp":"2024-03-06T13:15:26.819Z"}
{"level":"info","message":"DB is connented","timestamp":"2024-03-06T13:15:26.933Z"}
{"level":"error","message":"Requested URL /api/users/signin not found!","timestamp":"2024-03-06T13:15:27.258Z"}
{"level":"info","message":"User Service listening at http://localhost:3000","timestamp":"2024-03-06T13:15:55.746Z"}
{"level":"info","message":"DB is connented","timestamp":"2024-03-06T13:15:55.946Z"}
{"level":"info","message":"User Service listening at http://localhost:3000","timestamp":"2024-03-06T13:16:25.687Z"}
{"level":"info","message":"DB is connented","timestamp":"2024-03-06T13:16:25.764Z"}
{"level":"info","message":"User Service listening at http://localhost:3000","timestamp":"2024-03-06T13:22:36.019Z"}
{"level":"info","message":"DB is connented","timestamp":"2024-03-06T13:22:36.323Z"}
{"level":"error","message":"Requested URL /api/users/signin not found!","timestamp":"2024-03-06T13:22:36.839Z"}
{"level":"info","message":"User Service listening at http://localhost:3000","timestamp":"2024-03-06T13:23:15.727Z"}
{"level":"info","message":"DB is connented","timestamp":"2024-03-06T13:23:15.932Z"}
{"level":"info","message":"User Service listening at http://localhost:3000","timestamp":"2024-03-06T13:24:16.071Z"}
{"level":"info","message":"DB is connented","timestamp":"2024-03-06T13:24:16.292Z"}
{"level":"info","message":"User Service listening at http://localhost:3000","timestamp":"2024-03-06T13:26:20.935Z"}
{"level":"info","message":"DB is connented","timestamp":"2024-03-06T13:26:21.090Z"}
{"level":"info","message":"User Service listening at http://localhost:3000","timestamp":"2024-03-06T13:26:42.817Z"}
{"level":"info","message":"DB is connented","timestamp":"2024-03-06T13:26:43.014Z"}
{"level":"info","message":"User Service listening at http://localhost:3000","timestamp":"2024-03-06T13:29:18.088Z"}
{"level":"info","message":"DB is connented","timestamp":"2024-03-06T13:29:18.221Z"}
{"level":"info","message":"User Service listening at http://localhost:3000","timestamp":"2024-03-06T13:30:26.876Z"}
{"level":"info","message":"DB is connented","timestamp":"2024-03-06T13:30:26.954Z"}
{"level":"error","message":"Requested URL /api/users/signin not found!","timestamp":"2024-03-06T13:30:27.194Z"}
{"level":"info","message":"User Service listening at http://localhost:3000","timestamp":"2024-03-06T13:31:18.571Z"}
{"level":"info","message":"DB is connented","timestamp":"2024-03-06T13:31:18.647Z"}
{"level":"error","message":"Requested URL /api/users/signin not found!","timestamp":"2024-03-06T13:31:18.870Z"}
{"level":"info","message":"User Service listening at http://localhost:3000","timestamp":"2024-03-06T13:34:36.405Z"}
{"level":"info","message":"DB is connented","timestamp":"2024-03-06T13:34:36.479Z"}
{"level":"info","message":"User Service listening at http://localhost:3000","timestamp":"2024-03-06T13:37:31.082Z"}
{"level":"info","message":"DB is connented","timestamp":"2024-03-06T13:37:31.113Z"}
{"level":"info","message":"User Service listening at http://localhost:3000","timestamp":"2024-03-06T13:37:53.958Z"}
{"level":"info","message":"DB is connented","timestamp":"2024-03-06T13:37:53.991Z"}
{"level":"error","message":"Error in fetching user profile: Cannot read properties of undefined (reading 'userId')","stack":"TypeError: Cannot read properties of undefined (reading 'userId')\n    at exports.getProfile (C:\\Work\\Microservices-Chat-BE\\user-service\\src\\controllers\\profileController.js:9:47)\n    at Layer.handle [as handle_request] (C:\\Work\\Microservices-Chat-BE\\user-service\\node_modules\\express\\lib\\router\\layer.js:95:5)\n    at Immediate.next [as _onImmediate] (C:\\Work\\Microservices-Chat-BE\\user-service\\node_modules\\express\\lib\\router\\route.js:149:13)\n    at process.processImmediate (node:internal/timers:478:21)","timestamp":"2024-03-06T13:38:28.123Z"}
{"level":"info","message":"User Service listening at http://localhost:3000","timestamp":"2024-03-06T13:38:52.667Z"}
{"level":"info","message":"DB is connented","timestamp":"2024-03-06T13:38:52.703Z"}
{"code":"ERR_HTTP_HEADERS_SENT","level":"error","message":"Error in fetching user profile: Cannot set headers after they are sent to the client","stack":"Error [ERR_HTTP_HEADERS_SENT]: Cannot set headers after they are sent to the client\n    at ServerResponse.setHeader (node:_http_outgoing:652:11)\n    at ServerResponse.header (C:\\Work\\Microservices-Chat-BE\\user-service\\node_modules\\express\\lib\\response.js:794:10)\n    at ServerResponse.send (C:\\Work\\Microservices-Chat-BE\\user-service\\node_modules\\express\\lib\\response.js:174:12)\n    at ServerResponse.json (C:\\Work\\Microservices-Chat-BE\\user-service\\node_modules\\express\\lib\\response.js:278:15)\n    at exports.getProfile (C:\\Work\\Microservices-Chat-BE\\user-service\\src\\controllers\\profileController.js:14:21)\n    at process.processTicksAndRejections (node:internal/process/task_queues:95:5)","timestamp":"2024-03-06T13:38:53.286Z"}
{"level":"info","message":"User Service listening at http://localhost:3000","timestamp":"2024-03-06T13:39:24.845Z"}
{"level":"info","message":"DB is connented","timestamp":"2024-03-06T13:39:24.879Z"}
{"code":"ERR_HTTP_HEADERS_SENT","level":"error","message":"Error in fetching user profile: Cannot set headers after they are sent to the client","stack":"Error [ERR_HTTP_HEADERS_SENT]: Cannot set headers after they are sent to the client\n    at ServerResponse.setHeader (node:_http_outgoing:652:11)\n    at ServerResponse.header (C:\\Work\\Microservices-Chat-BE\\user-service\\node_modules\\express\\lib\\response.js:794:10)\n    at ServerResponse.send (C:\\Work\\Microservices-Chat-BE\\user-service\\node_modules\\express\\lib\\response.js:174:12)\n    at ServerResponse.json (C:\\Work\\Microservices-Chat-BE\\user-service\\node_modules\\express\\lib\\response.js:278:15)\n    at exports.getProfile (C:\\Work\\Microservices-Chat-BE\\user-service\\src\\controllers\\profileController.js:15:21)\n    at process.processTicksAndRejections (node:internal/process/task_queues:95:5)","timestamp":"2024-03-06T13:39:36.125Z"}
{"level":"info","message":"User Service listening at http://localhost:3000","timestamp":"2024-03-06T13:40:48.801Z"}
{"level":"info","message":"DB is connented","timestamp":"2024-03-06T13:40:48.829Z"}
{"code":"ERR_HTTP_HEADERS_SENT","level":"error","message":"Error in fetching user profile: Cannot set headers after they are sent to the client","stack":"Error [ERR_HTTP_HEADERS_SENT]: Cannot set headers after they are sent to the client\n    at ServerResponse.setHeader (node:_http_outgoing:652:11)\n    at ServerResponse.header (C:\\Work\\Microservices-Chat-BE\\user-service\\node_modules\\express\\lib\\response.js:794:10)\n    at ServerResponse.send (C:\\Work\\Microservices-Chat-BE\\user-service\\node_modules\\express\\lib\\response.js:174:12)\n    at ServerResponse.json (C:\\Work\\Microservices-Chat-BE\\user-service\\node_modules\\express\\lib\\response.js:278:15)\n    at exports.getProfile (C:\\Work\\Microservices-Chat-BE\\user-service\\src\\controllers\\profileController.js:15:21)\n    at process.processTicksAndRejections (node:internal/process/task_queues:95:5)","timestamp":"2024-03-06T13:41:01.268Z"}
{"level":"info","message":"User Service listening at http://localhost:3000","timestamp":"2024-03-06T13:41:25.658Z"}
{"level":"info","message":"DB is connented","timestamp":"2024-03-06T13:41:25.695Z"}
{"code":"ERR_HTTP_HEADERS_SENT","level":"error","message":"Error in fetching user profile: Cannot set headers after they are sent to the client","stack":"Error [ERR_HTTP_HEADERS_SENT]: Cannot set headers after they are sent to the client\n    at ServerResponse.setHeader (node:_http_outgoing:652:11)\n    at ServerResponse.header (C:\\Work\\Microservices-Chat-BE\\user-service\\node_modules\\express\\lib\\response.js:794:10)\n    at ServerResponse.send (C:\\Work\\Microservices-Chat-BE\\user-service\\node_modules\\express\\lib\\response.js:174:12)\n    at ServerResponse.json (C:\\Work\\Microservices-Chat-BE\\user-service\\node_modules\\express\\lib\\response.js:278:15)\n    at exports.getProfile (C:\\Work\\Microservices-Chat-BE\\user-service\\src\\controllers\\profileController.js:15:21)\n    at process.processTicksAndRejections (node:internal/process/task_queues:95:5)","timestamp":"2024-03-06T13:41:28.234Z"}
{"level":"info","message":"User Service listening at http://localhost:3000","timestamp":"2024-03-06T13:41:47.883Z"}
{"level":"info","message":"DB is connented","timestamp":"2024-03-06T13:41:47.910Z"}
{"code":"ERR_HTTP_HEADERS_SENT","level":"error","message":"Error in fetching user profile: Cannot set headers after they are sent to the client","stack":"Error [ERR_HTTP_HEADERS_SENT]: Cannot set headers after they are sent to the client\n    at ServerResponse.setHeader (node:_http_outgoing:652:11)\n    at ServerResponse.header (C:\\Work\\Microservices-Chat-BE\\user-service\\node_modules\\express\\lib\\response.js:794:10)\n    at ServerResponse.send (C:\\Work\\Microservices-Chat-BE\\user-service\\node_modules\\express\\lib\\response.js:174:12)\n    at ServerResponse.json (C:\\Work\\Microservices-Chat-BE\\user-service\\node_modules\\express\\lib\\response.js:278:15)\n    at exports.getProfile (C:\\Work\\Microservices-Chat-BE\\user-service\\src\\controllers\\profileController.js:15:21)\n    at process.processTicksAndRejections (node:internal/process/task_queues:95:5)","timestamp":"2024-03-06T13:41:58.760Z"}
{"level":"info","message":"User Service listening at http://localhost:3000","timestamp":"2024-03-06T13:42:34.024Z"}
{"level":"info","message":"DB is connented","timestamp":"2024-03-06T13:42:34.078Z"}
{"code":"ERR_HTTP_HEADERS_SENT","level":"error","message":"Error in fetching user profile: Cannot set headers after they are sent to the client","stack":"Error [ERR_HTTP_HEADERS_SENT]: Cannot set headers after they are sent to the client\n    at ServerResponse.setHeader (node:_http_outgoing:652:11)\n    at ServerResponse.header (C:\\Work\\Microservices-Chat-BE\\user-service\\node_modules\\express\\lib\\response.js:794:10)\n    at ServerResponse.send (C:\\Work\\Microservices-Chat-BE\\user-service\\node_modules\\express\\lib\\response.js:174:12)\n    at ServerResponse.json (C:\\Work\\Microservices-Chat-BE\\user-service\\node_modules\\express\\lib\\response.js:278:15)\n    at exports.getProfile (C:\\Work\\Microservices-Chat-BE\\user-service\\src\\controllers\\profileController.js:15:21)\n    at process.processTicksAndRejections (node:internal/process/task_queues:95:5)","timestamp":"2024-03-06T13:42:35.293Z"}
{"level":"info","message":"User Service listening at http://localhost:3000","timestamp":"2024-03-06T13:43:15.644Z"}
{"level":"info","message":"DB is connented","timestamp":"2024-03-06T13:43:15.678Z"}
{"code":"ERR_HTTP_HEADERS_SENT","level":"error","message":"Error in fetching user profile: Cannot set headers after they are sent to the client","stack":"Error [ERR_HTTP_HEADERS_SENT]: Cannot set headers after they are sent to the client\n    at ServerResponse.setHeader (node:_http_outgoing:652:11)\n    at ServerResponse.header (C:\\Work\\Microservices-Chat-BE\\user-service\\node_modules\\express\\lib\\response.js:794:10)\n    at ServerResponse.send (C:\\Work\\Microservices-Chat-BE\\user-service\\node_modules\\express\\lib\\response.js:174:12)\n    at ServerResponse.json (C:\\Work\\Microservices-Chat-BE\\user-service\\node_modules\\express\\lib\\response.js:278:15)\n    at exports.getProfile (C:\\Work\\Microservices-Chat-BE\\user-service\\src\\controllers\\profileController.js:15:21)\n    at process.processTicksAndRejections (node:internal/process/task_queues:95:5)","timestamp":"2024-03-06T13:43:32.973Z"}
{"level":"info","message":"User Service listening at http://localhost:3000","timestamp":"2024-03-06T13:45:41.521Z"}
{"level":"info","message":"DB is connented","timestamp":"2024-03-06T13:45:41.556Z"}
{"code":"ERR_HTTP_HEADERS_SENT","level":"error","message":"Error in fetching user profile: Cannot set headers after they are sent to the client","stack":"Error [ERR_HTTP_HEADERS_SENT]: Cannot set headers after they are sent to the client\n    at ServerResponse.setHeader (node:_http_outgoing:652:11)\n    at ServerResponse.header (C:\\Work\\Microservices-Chat-BE\\user-service\\node_modules\\express\\lib\\response.js:794:10)\n    at ServerResponse.send (C:\\Work\\Microservices-Chat-BE\\user-service\\node_modules\\express\\lib\\response.js:174:12)\n    at ServerResponse.json (C:\\Work\\Microservices-Chat-BE\\user-service\\node_modules\\express\\lib\\response.js:278:15)\n    at exports.getProfile (C:\\Work\\Microservices-Chat-BE\\user-service\\src\\controllers\\profileController.js:15:21)\n    at process.processTicksAndRejections (node:internal/process/task_queues:95:5)","timestamp":"2024-03-06T13:45:47.564Z"}
{"level":"info","message":"User Service listening at http://localhost:3000","timestamp":"2024-03-06T13:46:54.093Z"}
{"level":"info","message":"DB is connented","timestamp":"2024-03-06T13:46:54.127Z"}
{"code":"ERR_HTTP_HEADERS_SENT","level":"error","message":"Error in fetching user profile: Cannot set headers after they are sent to the client","stack":"Error [ERR_HTTP_HEADERS_SENT]: Cannot set headers after they are sent to the client\n    at ServerResponse.setHeader (node:_http_outgoing:652:11)\n    at ServerResponse.header (C:\\Work\\Microservices-Chat-BE\\user-service\\node_modules\\express\\lib\\response.js:794:10)\n    at ServerResponse.send (C:\\Work\\Microservices-Chat-BE\\user-service\\node_modules\\express\\lib\\response.js:174:12)\n    at ServerResponse.json (C:\\Work\\Microservices-Chat-BE\\user-service\\node_modules\\express\\lib\\response.js:278:15)\n    at exports.getProfile (C:\\Work\\Microservices-Chat-BE\\user-service\\src\\controllers\\profileController.js:16:21)\n    at process.processTicksAndRejections (node:internal/process/task_queues:95:5)","timestamp":"2024-03-06T13:46:58.141Z"}
